  Animation.cpp
  Bullet.cpp
  collisions.cpp
  draw.cpp
  Engine.cpp
  GameObject.cpp
  input.cpp
  LevelManager.cpp
  main.cpp
  loadMapFuncs.cpp
  Soldier.cpp
  SoundManager.cpp
  Target.cpp
  TextureHolder.cpp
  update.cpp
  Vytváří se kód.
  Previous IPDB was built with incompatible compiler, fall back to full compilation.
  All 965 functions were compiled because no usable IPDB/IOBJ from previous compilation was found.
  Vytváření kódu se dokončilo.
  WalkingShootingSimulator.vcxproj -> D:\IT\MATURITNI_PRACE\WalkingShootingSimulator\x64\Release\WalkingShootingSimulator.exe
